{"/home/iurii/hexlet/frontend-project-lvl2/__fixtures__/result.js": {"path":"/home/iurii/hexlet/frontend-project-lvl2/__fixtures__/result.js","all":false,"statementMap":{"0":{"start":{"line":1,"column":0},"end":{"line":1,"column":36}},"1":{"start":{"line":2,"column":0},"end":{"line":2,"column":29}},"2":{"start":{"line":3,"column":0},"end":{"line":3,"column":17}},"3":{"start":{"line":4,"column":0},"end":{"line":4,"column":19}},"4":{"start":{"line":5,"column":0},"end":{"line":5,"column":24}},"5":{"start":{"line":6,"column":0},"end":{"line":6,"column":15}},"6":{"start":{"line":7,"column":0},"end":{"line":7,"column":15}},"7":{"start":{"line":8,"column":0},"end":{"line":8,"column":17}},"8":{"start":{"line":9,"column":0},"end":{"line":9,"column":3}},"9":{"start":{"line":10,"column":0},"end":{"line":10,"column":0}},"10":{"start":{"line":11,"column":0},"end":{"line":11,"column":80}},"11":{"start":{"line":12,"column":0},"end":{"line":12,"column":38}},"12":{"start":{"line":13,"column":0},"end":{"line":13,"column":57}},"13":{"start":{"line":14,"column":0},"end":{"line":14,"column":60}},"14":{"start":{"line":15,"column":0},"end":{"line":15,"column":64}},"15":{"start":{"line":16,"column":0},"end":{"line":16,"column":69}},"16":{"start":{"line":17,"column":0},"end":{"line":17,"column":59}},"17":{"start":{"line":18,"column":0},"end":{"line":18,"column":55}},"18":{"start":{"line":19,"column":0},"end":{"line":19,"column":65}},"19":{"start":{"line":20,"column":0},"end":{"line":20,"column":29}},"20":{"start":{"line":21,"column":0},"end":{"line":21,"column":57}},"21":{"start":{"line":22,"column":0},"end":{"line":22,"column":0}},"22":{"start":{"line":23,"column":0},"end":{"line":23,"column":31}},"23":{"start":{"line":24,"column":0},"end":{"line":24,"column":13}},"24":{"start":{"line":25,"column":0},"end":{"line":25,"column":21}},"25":{"start":{"line":26,"column":0},"end":{"line":26,"column":25}},"26":{"start":{"line":27,"column":0},"end":{"line":27,"column":21}},"27":{"start":{"line":28,"column":0},"end":{"line":28,"column":22}},"28":{"start":{"line":29,"column":0},"end":{"line":29,"column":22}},"29":{"start":{"line":30,"column":0},"end":{"line":30,"column":27}},"30":{"start":{"line":31,"column":0},"end":{"line":31,"column":19}},"31":{"start":{"line":32,"column":0},"end":{"line":32,"column":24}},"32":{"start":{"line":33,"column":0},"end":{"line":33,"column":9}},"33":{"start":{"line":34,"column":0},"end":{"line":34,"column":19}},"34":{"start":{"line":35,"column":0},"end":{"line":35,"column":19}},"35":{"start":{"line":36,"column":0},"end":{"line":36,"column":21}},"36":{"start":{"line":37,"column":0},"end":{"line":37,"column":28}},"37":{"start":{"line":38,"column":0},"end":{"line":38,"column":13}},"38":{"start":{"line":39,"column":0},"end":{"line":39,"column":22}},"39":{"start":{"line":40,"column":0},"end":{"line":40,"column":21}},"40":{"start":{"line":41,"column":0},"end":{"line":41,"column":9}},"41":{"start":{"line":42,"column":0},"end":{"line":42,"column":5}},"42":{"start":{"line":43,"column":0},"end":{"line":43,"column":13}},"43":{"start":{"line":44,"column":0},"end":{"line":44,"column":16}},"44":{"start":{"line":45,"column":0},"end":{"line":45,"column":17}},"45":{"start":{"line":46,"column":0},"end":{"line":46,"column":16}},"46":{"start":{"line":47,"column":0},"end":{"line":47,"column":15}},"47":{"start":{"line":48,"column":0},"end":{"line":48,"column":22}},"48":{"start":{"line":49,"column":0},"end":{"line":49,"column":9}},"49":{"start":{"line":50,"column":0},"end":{"line":50,"column":17}},"50":{"start":{"line":51,"column":0},"end":{"line":51,"column":5}},"51":{"start":{"line":52,"column":0},"end":{"line":52,"column":13}},"52":{"start":{"line":53,"column":0},"end":{"line":53,"column":18}},"53":{"start":{"line":54,"column":0},"end":{"line":54,"column":15}},"54":{"start":{"line":55,"column":0},"end":{"line":55,"column":18}},"55":{"start":{"line":56,"column":0},"end":{"line":56,"column":9}},"56":{"start":{"line":57,"column":0},"end":{"line":57,"column":5}},"57":{"start":{"line":58,"column":0},"end":{"line":58,"column":13}},"58":{"start":{"line":59,"column":0},"end":{"line":59,"column":15}},"59":{"start":{"line":60,"column":0},"end":{"line":60,"column":17}},"60":{"start":{"line":61,"column":0},"end":{"line":61,"column":26}},"61":{"start":{"line":62,"column":0},"end":{"line":62,"column":13}},"62":{"start":{"line":63,"column":0},"end":{"line":63,"column":9}},"63":{"start":{"line":64,"column":0},"end":{"line":64,"column":19}},"64":{"start":{"line":65,"column":0},"end":{"line":65,"column":5}},"65":{"start":{"line":66,"column":0},"end":{"line":66,"column":3}},"66":{"start":{"line":67,"column":0},"end":{"line":67,"column":0}},"67":{"start":{"line":68,"column":0},"end":{"line":68,"column":279}}},"s":{"0":1,"1":1,"2":1,"3":1,"4":1,"5":1,"6":1,"7":1,"8":1,"9":1,"10":1,"11":1,"12":1,"13":1,"14":1,"15":1,"16":1,"17":1,"18":1,"19":1,"20":1,"21":1,"22":1,"23":1,"24":1,"25":1,"26":1,"27":1,"28":1,"29":1,"30":1,"31":1,"32":1,"33":1,"34":1,"35":1,"36":1,"37":1,"38":1,"39":1,"40":1,"41":1,"42":1,"43":1,"44":1,"45":1,"46":1,"47":1,"48":1,"49":1,"50":1,"51":1,"52":1,"53":1,"54":1,"55":1,"56":1,"57":1,"58":1,"59":1,"60":1,"61":1,"62":1,"63":1,"64":1,"65":1,"66":1,"67":1},"branchMap":{},"b":{},"fnMap":{},"f":{}}
,"/home/iurii/hexlet/frontend-project-lvl2/src/index.js": {"path":"/home/iurii/hexlet/frontend-project-lvl2/src/index.js","all":false,"statementMap":{"0":{"start":{"line":1,"column":0},"end":{"line":1,"column":52}},"1":{"start":{"line":2,"column":0},"end":{"line":2,"column":52}},"2":{"start":{"line":3,"column":0},"end":{"line":3,"column":41}},"3":{"start":{"line":4,"column":0},"end":{"line":4,"column":53}},"4":{"start":{"line":5,"column":0},"end":{"line":5,"column":0}},"5":{"start":{"line":6,"column":0},"end":{"line":6,"column":70}},"6":{"start":{"line":7,"column":0},"end":{"line":7,"column":95}},"7":{"start":{"line":8,"column":0},"end":{"line":8,"column":19}},"8":{"start":{"line":9,"column":0},"end":{"line":9,"column":19}},"9":{"start":{"line":10,"column":0},"end":{"line":10,"column":29}},"10":{"start":{"line":11,"column":0},"end":{"line":11,"column":17}},"11":{"start":{"line":12,"column":0},"end":{"line":12,"column":31}},"12":{"start":{"line":13,"column":0},"end":{"line":13,"column":16}},"13":{"start":{"line":14,"column":0},"end":{"line":14,"column":34}},"14":{"start":{"line":15,"column":0},"end":{"line":15,"column":12}},"15":{"start":{"line":16,"column":0},"end":{"line":16,"column":43}},"16":{"start":{"line":17,"column":0},"end":{"line":17,"column":3}},"17":{"start":{"line":18,"column":0},"end":{"line":18,"column":2}},"18":{"start":{"line":19,"column":0},"end":{"line":19,"column":0}},"19":{"start":{"line":20,"column":0},"end":{"line":20,"column":30}}},"s":{"0":1,"1":1,"2":1,"3":1,"4":1,"5":1,"6":8,"7":8,"8":8,"9":8,"10":8,"11":8,"12":8,"13":8,"14":8,"15":8,"16":8,"17":8,"18":1,"19":1},"branchMap":{"0":{"type":"branch","line":6,"loc":{"start":{"line":6,"column":23},"end":{"line":18,"column":2}},"locations":[{"start":{"line":6,"column":23},"end":{"line":18,"column":2}}]},"1":{"type":"branch","line":9,"loc":{"start":{"line":9,"column":4},"end":{"line":10,"column":13}},"locations":[{"start":{"line":9,"column":4},"end":{"line":10,"column":13}}]},"2":{"type":"branch","line":11,"loc":{"start":{"line":11,"column":4},"end":{"line":12,"column":13}},"locations":[{"start":{"line":11,"column":4},"end":{"line":12,"column":13}}]},"3":{"type":"branch","line":13,"loc":{"start":{"line":13,"column":4},"end":{"line":14,"column":13}},"locations":[{"start":{"line":13,"column":4},"end":{"line":14,"column":13}}]},"4":{"type":"branch","line":15,"loc":{"start":{"line":15,"column":4},"end":{"line":16,"column":12}},"locations":[{"start":{"line":15,"column":4},"end":{"line":16,"column":12}}]}},"b":{"0":[8],"1":[6],"2":[1],"3":[1],"4":[0]},"fnMap":{"0":{"name":"findDifference","decl":{"start":{"line":6,"column":23},"end":{"line":18,"column":2}},"loc":{"start":{"line":6,"column":23},"end":{"line":18,"column":2}},"line":6}},"f":{"0":8}}
,"/home/iurii/hexlet/frontend-project-lvl2/src/parser.js": {"path":"/home/iurii/hexlet/frontend-project-lvl2/src/parser.js","all":false,"statementMap":{"0":{"start":{"line":1,"column":0},"end":{"line":1,"column":41}},"1":{"start":{"line":2,"column":0},"end":{"line":2,"column":20}},"2":{"start":{"line":3,"column":0},"end":{"line":3,"column":37}},"3":{"start":{"line":4,"column":0},"end":{"line":4,"column":27}},"4":{"start":{"line":5,"column":0},"end":{"line":5,"column":36}},"5":{"start":{"line":6,"column":0},"end":{"line":6,"column":0}},"6":{"start":{"line":7,"column":0},"end":{"line":7,"column":50}},"7":{"start":{"line":8,"column":0},"end":{"line":8,"column":38}},"8":{"start":{"line":9,"column":0},"end":{"line":9,"column":0}},"9":{"start":{"line":10,"column":0},"end":{"line":10,"column":79}},"10":{"start":{"line":11,"column":0},"end":{"line":11,"column":102}},"11":{"start":{"line":12,"column":0},"end":{"line":12,"column":0}},"12":{"start":{"line":13,"column":0},"end":{"line":13,"column":56}},"13":{"start":{"line":14,"column":0},"end":{"line":14,"column":40}},"14":{"start":{"line":15,"column":0},"end":{"line":15,"column":50}},"15":{"start":{"line":16,"column":0},"end":{"line":16,"column":47}},"16":{"start":{"line":17,"column":0},"end":{"line":17,"column":26}},"17":{"start":{"line":18,"column":0},"end":{"line":18,"column":17}},"18":{"start":{"line":19,"column":0},"end":{"line":19,"column":30}},"19":{"start":{"line":20,"column":0},"end":{"line":20,"column":17}},"20":{"start":{"line":21,"column":0},"end":{"line":21,"column":29}},"21":{"start":{"line":22,"column":0},"end":{"line":22,"column":16}},"22":{"start":{"line":23,"column":0},"end":{"line":23,"column":29}},"23":{"start":{"line":24,"column":0},"end":{"line":24,"column":12}},"24":{"start":{"line":25,"column":0},"end":{"line":25,"column":106}},"25":{"start":{"line":26,"column":0},"end":{"line":26,"column":3}},"26":{"start":{"line":27,"column":0},"end":{"line":27,"column":2}}},"s":{"0":1,"1":1,"2":1,"3":1,"4":1,"5":1,"6":1,"7":1,"8":1,"9":1,"10":1,"11":1,"12":1,"13":1,"14":16,"15":16,"16":16,"17":16,"18":16,"19":16,"20":16,"21":16,"22":16,"23":16,"24":16,"25":16,"26":16},"branchMap":{"0":{"type":"branch","line":10,"loc":{"start":{"line":10,"column":28},"end":{"line":10,"column":45}},"locations":[{"start":{"line":10,"column":28},"end":{"line":10,"column":45}}]},"1":{"type":"branch","line":11,"loc":{"start":{"line":11,"column":31},"end":{"line":11,"column":48}},"locations":[{"start":{"line":11,"column":31},"end":{"line":11,"column":48}}]},"2":{"type":"branch","line":14,"loc":{"start":{"line":14,"column":26},"end":{"line":27,"column":2}},"locations":[{"start":{"line":14,"column":26},"end":{"line":27,"column":2}}]},"3":{"type":"branch","line":18,"loc":{"start":{"line":18,"column":4},"end":{"line":19,"column":13}},"locations":[{"start":{"line":18,"column":4},"end":{"line":19,"column":13}}]},"4":{"type":"branch","line":20,"loc":{"start":{"line":20,"column":4},"end":{"line":21,"column":13}},"locations":[{"start":{"line":20,"column":4},"end":{"line":21,"column":13}}]},"5":{"type":"branch","line":22,"loc":{"start":{"line":22,"column":4},"end":{"line":23,"column":13}},"locations":[{"start":{"line":22,"column":4},"end":{"line":23,"column":13}}]},"6":{"type":"branch","line":24,"loc":{"start":{"line":24,"column":4},"end":{"line":25,"column":12}},"locations":[{"start":{"line":24,"column":4},"end":{"line":25,"column":12}}]}},"b":{"0":[16],"1":[16],"2":[16],"3":[8],"4":[4],"5":[4],"6":[0]},"fnMap":{"0":{"name":"getTruePath","decl":{"start":{"line":10,"column":28},"end":{"line":10,"column":45}},"loc":{"start":{"line":10,"column":28},"end":{"line":10,"column":45}},"line":10},"1":{"name":"getFixturePath","decl":{"start":{"line":11,"column":31},"end":{"line":11,"column":48}},"loc":{"start":{"line":11,"column":31},"end":{"line":11,"column":48}},"line":11},"2":{"name":"parseFile","decl":{"start":{"line":14,"column":26},"end":{"line":27,"column":2}},"loc":{"start":{"line":14,"column":26},"end":{"line":27,"column":2}},"line":14}},"f":{"0":16,"1":16,"2":16}}
,"/home/iurii/hexlet/frontend-project-lvl2/src/treeBuilder.js": {"path":"/home/iurii/hexlet/frontend-project-lvl2/src/treeBuilder.js","all":false,"statementMap":{"0":{"start":{"line":1,"column":0},"end":{"line":1,"column":23}},"1":{"start":{"line":2,"column":0},"end":{"line":2,"column":0}},"2":{"start":{"line":3,"column":0},"end":{"line":3,"column":37}},"3":{"start":{"line":4,"column":0},"end":{"line":4,"column":52}},"4":{"start":{"line":5,"column":0},"end":{"line":5,"column":37}},"5":{"start":{"line":6,"column":0},"end":{"line":6,"column":40}},"6":{"start":{"line":7,"column":0},"end":{"line":7,"column":29}},"7":{"start":{"line":8,"column":0},"end":{"line":8,"column":51}},"8":{"start":{"line":9,"column":0},"end":{"line":9,"column":5}},"9":{"start":{"line":10,"column":0},"end":{"line":10,"column":29}},"10":{"start":{"line":11,"column":0},"end":{"line":11,"column":54}},"11":{"start":{"line":12,"column":0},"end":{"line":12,"column":5}},"12":{"start":{"line":13,"column":0},"end":{"line":13,"column":69}},"13":{"start":{"line":14,"column":0},"end":{"line":14,"column":82}},"14":{"start":{"line":15,"column":0},"end":{"line":15,"column":5}},"15":{"start":{"line":16,"column":0},"end":{"line":16,"column":45}},"16":{"start":{"line":17,"column":0},"end":{"line":17,"column":14}},"17":{"start":{"line":18,"column":0},"end":{"line":18,"column":65}},"18":{"start":{"line":19,"column":0},"end":{"line":19,"column":8}},"19":{"start":{"line":20,"column":0},"end":{"line":20,"column":5}},"20":{"start":{"line":21,"column":0},"end":{"line":21,"column":56}},"21":{"start":{"line":22,"column":0},"end":{"line":22,"column":5}},"22":{"start":{"line":23,"column":0},"end":{"line":23,"column":14}},"23":{"start":{"line":24,"column":0},"end":{"line":24,"column":2}},"24":{"start":{"line":25,"column":0},"end":{"line":25,"column":0}},"25":{"start":{"line":26,"column":0},"end":{"line":26,"column":25}}},"s":{"0":1,"1":1,"2":1,"3":16,"4":16,"5":16,"6":66,"7":16,"8":16,"9":66,"10":16,"11":16,"12":66,"13":8,"14":8,"15":66,"16":14,"17":14,"18":14,"19":14,"20":12,"21":12,"22":16,"23":16,"24":1,"25":1},"branchMap":{"0":{"type":"branch","line":3,"loc":{"start":{"line":3,"column":18},"end":{"line":24,"column":2}},"locations":[{"start":{"line":3,"column":18},"end":{"line":24,"column":2}}]},"1":{"type":"branch","line":6,"loc":{"start":{"line":6,"column":31},"end":{"line":22,"column":5}},"locations":[{"start":{"line":6,"column":31},"end":{"line":22,"column":5}}]},"2":{"type":"branch","line":7,"loc":{"start":{"line":7,"column":28},"end":{"line":9,"column":5}},"locations":[{"start":{"line":7,"column":28},"end":{"line":9,"column":5}}]},"3":{"type":"branch","line":10,"loc":{"start":{"line":10,"column":-1},"end":{"line":10,"column":8}},"locations":[{"start":{"line":10,"column":-1},"end":{"line":10,"column":8}}]},"4":{"type":"branch","line":10,"loc":{"start":{"line":10,"column":28},"end":{"line":12,"column":5}},"locations":[{"start":{"line":10,"column":28},"end":{"line":12,"column":5}}]},"5":{"type":"branch","line":13,"loc":{"start":{"line":13,"column":-1},"end":{"line":13,"column":9}},"locations":[{"start":{"line":13,"column":-1},"end":{"line":13,"column":9}}]},"6":{"type":"branch","line":13,"loc":{"start":{"line":13,"column":8},"end":{"line":13,"column":40}},"locations":[{"start":{"line":13,"column":8},"end":{"line":13,"column":40}}]},"7":{"type":"branch","line":13,"loc":{"start":{"line":13,"column":68},"end":{"line":15,"column":5}},"locations":[{"start":{"line":13,"column":68},"end":{"line":15,"column":5}}]},"8":{"type":"branch","line":16,"loc":{"start":{"line":16,"column":-1},"end":{"line":16,"column":8}},"locations":[{"start":{"line":16,"column":-1},"end":{"line":16,"column":8}}]},"9":{"type":"branch","line":16,"loc":{"start":{"line":16,"column":44},"end":{"line":20,"column":5}},"locations":[{"start":{"line":16,"column":44},"end":{"line":20,"column":5}}]},"10":{"type":"branch","line":21,"loc":{"start":{"line":21,"column":-1},"end":{"line":22,"column":5}},"locations":[{"start":{"line":21,"column":-1},"end":{"line":22,"column":5}}]}},"b":{"0":[16],"1":[66],"2":[16],"3":[50],"4":[16],"5":[34],"6":[10],"7":[8],"8":[26],"9":[14],"10":[12]},"fnMap":{"0":{"name":"buildTree","decl":{"start":{"line":3,"column":18},"end":{"line":24,"column":2}},"loc":{"start":{"line":3,"column":18},"end":{"line":24,"column":2}},"line":3}},"f":{"0":16}}
,"/home/iurii/hexlet/frontend-project-lvl2/src/formatters/plain.js": {"path":"/home/iurii/hexlet/frontend-project-lvl2/src/formatters/plain.js","all":false,"statementMap":{"0":{"start":{"line":1,"column":0},"end":{"line":1,"column":33}},"1":{"start":{"line":2,"column":0},"end":{"line":2,"column":42}},"2":{"start":{"line":3,"column":0},"end":{"line":3,"column":38}},"3":{"start":{"line":4,"column":0},"end":{"line":4,"column":23}},"4":{"start":{"line":5,"column":0},"end":{"line":5,"column":0}},"5":{"start":{"line":6,"column":0},"end":{"line":6,"column":28}},"6":{"start":{"line":7,"column":0},"end":{"line":7,"column":38}},"7":{"start":{"line":8,"column":0},"end":{"line":8,"column":29}},"8":{"start":{"line":9,"column":0},"end":{"line":9,"column":3}},"9":{"start":{"line":10,"column":0},"end":{"line":10,"column":89}},"10":{"start":{"line":11,"column":0},"end":{"line":11,"column":15}},"11":{"start":{"line":12,"column":0},"end":{"line":12,"column":3}},"12":{"start":{"line":13,"column":0},"end":{"line":13,"column":20}},"13":{"start":{"line":14,"column":0},"end":{"line":14,"column":2}},"14":{"start":{"line":15,"column":0},"end":{"line":15,"column":0}},"15":{"start":{"line":16,"column":0},"end":{"line":16,"column":56}},"16":{"start":{"line":17,"column":0},"end":{"line":17,"column":37}},"17":{"start":{"line":18,"column":0},"end":{"line":18,"column":53}},"18":{"start":{"line":19,"column":0},"end":{"line":19,"column":49}},"19":{"start":{"line":20,"column":0},"end":{"line":20,"column":24}},"20":{"start":{"line":21,"column":0},"end":{"line":21,"column":17}},"21":{"start":{"line":22,"column":0},"end":{"line":22,"column":83}},"22":{"start":{"line":23,"column":0},"end":{"line":23,"column":20}},"23":{"start":{"line":24,"column":0},"end":{"line":24,"column":50}},"24":{"start":{"line":25,"column":0},"end":{"line":25,"column":21}},"25":{"start":{"line":26,"column":0},"end":{"line":26,"column":107}},"26":{"start":{"line":27,"column":0},"end":{"line":27,"column":20}},"27":{"start":{"line":28,"column":0},"end":{"line":28,"column":57}},"28":{"start":{"line":29,"column":0},"end":{"line":29,"column":5}},"29":{"start":{"line":30,"column":0},"end":{"line":30,"column":5}},"30":{"start":{"line":31,"column":0},"end":{"line":31,"column":45}},"31":{"start":{"line":32,"column":0},"end":{"line":32,"column":39}},"32":{"start":{"line":33,"column":0},"end":{"line":33,"column":57}},"33":{"start":{"line":34,"column":0},"end":{"line":34,"column":41}},"34":{"start":{"line":35,"column":0},"end":{"line":35,"column":21}},"35":{"start":{"line":36,"column":0},"end":{"line":36,"column":5}},"36":{"start":{"line":37,"column":0},"end":{"line":37,"column":9}},"37":{"start":{"line":38,"column":0},"end":{"line":38,"column":25}},"38":{"start":{"line":39,"column":0},"end":{"line":39,"column":2}}},"s":{"0":1,"1":1,"2":1,"3":1,"4":1,"5":1,"6":13,"7":3,"8":3,"9":13,"10":3,"11":3,"12":7,"13":7,"14":1,"15":1,"16":1,"17":1,"18":18,"19":18,"20":18,"21":18,"22":18,"23":18,"24":18,"25":18,"26":18,"27":18,"28":18,"29":18,"30":1,"31":1,"32":1,"33":614,"34":613,"35":613,"36":1,"37":1,"38":1},"branchMap":{"0":{"type":"branch","line":6,"loc":{"start":{"line":6,"column":19},"end":{"line":14,"column":2}},"locations":[{"start":{"line":6,"column":19},"end":{"line":14,"column":2}}]},"1":{"type":"branch","line":7,"loc":{"start":{"line":7,"column":37},"end":{"line":9,"column":3}},"locations":[{"start":{"line":7,"column":37},"end":{"line":9,"column":3}}]},"2":{"type":"branch","line":10,"loc":{"start":{"line":10,"column":-1},"end":{"line":10,"column":7}},"locations":[{"start":{"line":10,"column":-1},"end":{"line":10,"column":7}}]},"3":{"type":"branch","line":10,"loc":{"start":{"line":10,"column":6},"end":{"line":10,"column":44}},"locations":[{"start":{"line":10,"column":6},"end":{"line":10,"column":44}}]},"4":{"type":"branch","line":10,"loc":{"start":{"line":10,"column":6},"end":{"line":10,"column":62}},"locations":[{"start":{"line":10,"column":6},"end":{"line":10,"column":62}}]},"5":{"type":"branch","line":10,"loc":{"start":{"line":10,"column":6},"end":{"line":10,"column":88}},"locations":[{"start":{"line":10,"column":6},"end":{"line":10,"column":88}}]},"6":{"type":"branch","line":10,"loc":{"start":{"line":10,"column":88},"end":{"line":12,"column":3}},"locations":[{"start":{"line":10,"column":88},"end":{"line":12,"column":3}}]},"7":{"type":"branch","line":13,"loc":{"start":{"line":13,"column":-1},"end":{"line":14,"column":2}},"locations":[{"start":{"line":13,"column":-1},"end":{"line":14,"column":2}}]},"8":{"type":"branch","line":17,"loc":{"start":{"line":17,"column":28},"end":{"line":39,"column":2}},"locations":[{"start":{"line":17,"column":28},"end":{"line":39,"column":2}}]},"9":{"type":"branch","line":18,"loc":{"start":{"line":18,"column":15},"end":{"line":18,"column":37}},"locations":[{"start":{"line":18,"column":15},"end":{"line":18,"column":37}}]},"10":{"type":"branch","line":18,"loc":{"start":{"line":18,"column":43},"end":{"line":30,"column":5}},"locations":[{"start":{"line":18,"column":43},"end":{"line":30,"column":5}}]},"11":{"type":"branch","line":21,"loc":{"start":{"line":21,"column":6},"end":{"line":22,"column":16}},"locations":[{"start":{"line":21,"column":6},"end":{"line":22,"column":16}}]},"12":{"type":"branch","line":23,"loc":{"start":{"line":23,"column":6},"end":{"line":24,"column":16}},"locations":[{"start":{"line":23,"column":6},"end":{"line":24,"column":16}}]},"13":{"type":"branch","line":25,"loc":{"start":{"line":25,"column":6},"end":{"line":26,"column":16}},"locations":[{"start":{"line":25,"column":6},"end":{"line":26,"column":16}}]},"14":{"type":"branch","line":27,"loc":{"start":{"line":27,"column":6},"end":{"line":28,"column":16}},"locations":[{"start":{"line":27,"column":6},"end":{"line":28,"column":16}}]},"15":{"type":"branch","line":33,"loc":{"start":{"line":33,"column":36},"end":{"line":37,"column":5}},"locations":[{"start":{"line":33,"column":36},"end":{"line":37,"column":5}}]},"16":{"type":"branch","line":34,"loc":{"start":{"line":34,"column":40},"end":{"line":36,"column":5}},"locations":[{"start":{"line":34,"column":40},"end":{"line":36,"column":5}}]}},"b":{"0":[13],"1":[3],"2":[10],"3":[9],"4":[8],"5":[7],"6":[3],"7":[7],"8":[1],"9":[5],"10":[18],"11":[5],"12":[2],"13":[4],"14":[4],"15":[614],"16":[613]},"fnMap":{"0":{"name":"isComplex","decl":{"start":{"line":6,"column":19},"end":{"line":14,"column":2}},"loc":{"start":{"line":6,"column":19},"end":{"line":14,"column":2}},"line":6},"1":{"name":"formatPlain","decl":{"start":{"line":17,"column":28},"end":{"line":39,"column":2}},"loc":{"start":{"line":17,"column":28},"end":{"line":39,"column":2}},"line":17},"2":{"name":"iter","decl":{"start":{"line":18,"column":15},"end":{"line":18,"column":37}},"loc":{"start":{"line":18,"column":15},"end":{"line":18,"column":37}},"line":18}},"f":{"0":13,"1":1,"2":5}}
,"/home/iurii/hexlet/frontend-project-lvl2/src/formatters/stylish.js": {"path":"/home/iurii/hexlet/frontend-project-lvl2/src/formatters/stylish.js","all":false,"statementMap":{"0":{"start":{"line":1,"column":0},"end":{"line":1,"column":23}},"1":{"start":{"line":2,"column":0},"end":{"line":2,"column":0}},"2":{"start":{"line":3,"column":0},"end":{"line":3,"column":82}},"3":{"start":{"line":4,"column":0},"end":{"line":4,"column":0}},"4":{"start":{"line":5,"column":0},"end":{"line":5,"column":33}},"5":{"start":{"line":6,"column":0},"end":{"line":6,"column":40}},"6":{"start":{"line":7,"column":0},"end":{"line":7,"column":21}},"7":{"start":{"line":8,"column":0},"end":{"line":8,"column":3}},"8":{"start":{"line":9,"column":0},"end":{"line":9,"column":22}},"9":{"start":{"line":10,"column":0},"end":{"line":10,"column":16}},"10":{"start":{"line":11,"column":0},"end":{"line":11,"column":3}},"11":{"start":{"line":12,"column":0},"end":{"line":12,"column":21}},"12":{"start":{"line":13,"column":0},"end":{"line":13,"column":18}},"13":{"start":{"line":14,"column":0},"end":{"line":14,"column":89}},"14":{"start":{"line":15,"column":0},"end":{"line":15,"column":59}},"15":{"start":{"line":16,"column":0},"end":{"line":16,"column":2}},"16":{"start":{"line":17,"column":0},"end":{"line":17,"column":0}},"17":{"start":{"line":18,"column":0},"end":{"line":18,"column":56}},"18":{"start":{"line":19,"column":0},"end":{"line":19,"column":35}},"19":{"start":{"line":20,"column":0},"end":{"line":20,"column":52}},"20":{"start":{"line":21,"column":0},"end":{"line":21,"column":105}},"21":{"start":{"line":22,"column":0},"end":{"line":22,"column":24}},"22":{"start":{"line":23,"column":0},"end":{"line":23,"column":17}},"23":{"start":{"line":24,"column":0},"end":{"line":24,"column":40}},"24":{"start":{"line":25,"column":0},"end":{"line":25,"column":20}},"25":{"start":{"line":26,"column":0},"end":{"line":26,"column":40}},"26":{"start":{"line":27,"column":0},"end":{"line":27,"column":24}},"27":{"start":{"line":28,"column":0},"end":{"line":28,"column":40}},"28":{"start":{"line":29,"column":0},"end":{"line":29,"column":21}},"29":{"start":{"line":30,"column":0},"end":{"line":30,"column":74}},"30":{"start":{"line":31,"column":0},"end":{"line":31,"column":20}},"31":{"start":{"line":32,"column":0},"end":{"line":32,"column":117}},"32":{"start":{"line":33,"column":0},"end":{"line":33,"column":14}},"33":{"start":{"line":34,"column":0},"end":{"line":34,"column":73}},"34":{"start":{"line":35,"column":0},"end":{"line":35,"column":5}},"35":{"start":{"line":36,"column":0},"end":{"line":36,"column":5}},"36":{"start":{"line":37,"column":0},"end":{"line":37,"column":40}},"37":{"start":{"line":38,"column":0},"end":{"line":38,"column":2}}},"s":{"0":1,"1":1,"2":1,"3":1,"4":1,"5":57,"6":50,"7":50,"8":57,"9":0,"10":0,"11":7,"12":7,"13":7,"14":7,"15":7,"16":1,"17":1,"18":1,"19":6,"20":43,"21":43,"22":43,"23":43,"24":43,"25":43,"26":43,"27":43,"28":43,"29":43,"30":43,"31":43,"32":43,"33":43,"34":43,"35":43,"36":6,"37":6},"branchMap":{"0":{"type":"branch","line":3,"loc":{"start":{"line":3,"column":16},"end":{"line":3,"column":49}},"locations":[{"start":{"line":3,"column":16},"end":{"line":3,"column":49}}]},"1":{"type":"branch","line":5,"loc":{"start":{"line":5,"column":15},"end":{"line":16,"column":2}},"locations":[{"start":{"line":5,"column":15},"end":{"line":16,"column":2}}]},"2":{"type":"branch","line":6,"loc":{"start":{"line":6,"column":39},"end":{"line":8,"column":3}},"locations":[{"start":{"line":6,"column":39},"end":{"line":8,"column":3}}]},"3":{"type":"branch","line":9,"loc":{"start":{"line":9,"column":-1},"end":{"line":9,"column":6}},"locations":[{"start":{"line":9,"column":-1},"end":{"line":9,"column":6}}]},"4":{"type":"branch","line":9,"loc":{"start":{"line":9,"column":21},"end":{"line":11,"column":3}},"locations":[{"start":{"line":9,"column":21},"end":{"line":11,"column":3}}]},"5":{"type":"branch","line":12,"loc":{"start":{"line":12,"column":-1},"end":{"line":16,"column":2}},"locations":[{"start":{"line":12,"column":-1},"end":{"line":16,"column":2}}]},"6":{"type":"branch","line":14,"loc":{"start":{"line":14,"column":9},"end":{"line":14,"column":89}},"locations":[{"start":{"line":14,"column":9},"end":{"line":14,"column":89}}]},"7":{"type":"branch","line":19,"loc":{"start":{"line":19,"column":26},"end":{"line":38,"column":2}},"locations":[{"start":{"line":19,"column":26},"end":{"line":38,"column":2}}]},"8":{"type":"branch","line":20,"loc":{"start":{"line":20,"column":15},"end":{"line":20,"column":36}},"locations":[{"start":{"line":20,"column":15},"end":{"line":20,"column":36}}]},"9":{"type":"branch","line":20,"loc":{"start":{"line":20,"column":42},"end":{"line":36,"column":5}},"locations":[{"start":{"line":20,"column":42},"end":{"line":36,"column":5}}]},"10":{"type":"branch","line":23,"loc":{"start":{"line":23,"column":6},"end":{"line":24,"column":15}},"locations":[{"start":{"line":23,"column":6},"end":{"line":24,"column":15}}]},"11":{"type":"branch","line":25,"loc":{"start":{"line":25,"column":6},"end":{"line":26,"column":15}},"locations":[{"start":{"line":25,"column":6},"end":{"line":26,"column":15}}]},"12":{"type":"branch","line":27,"loc":{"start":{"line":27,"column":6},"end":{"line":28,"column":15}},"locations":[{"start":{"line":27,"column":6},"end":{"line":28,"column":15}}]},"13":{"type":"branch","line":29,"loc":{"start":{"line":29,"column":6},"end":{"line":30,"column":16}},"locations":[{"start":{"line":29,"column":6},"end":{"line":30,"column":16}}]},"14":{"type":"branch","line":31,"loc":{"start":{"line":31,"column":6},"end":{"line":32,"column":16}},"locations":[{"start":{"line":31,"column":6},"end":{"line":32,"column":16}}]},"15":{"type":"branch","line":33,"loc":{"start":{"line":33,"column":6},"end":{"line":34,"column":14}},"locations":[{"start":{"line":33,"column":6},"end":{"line":34,"column":14}}]},"16":{"type":"branch","line":21,"loc":{"start":{"line":21,"column":22},"end":{"line":21,"column":105}},"locations":[{"start":{"line":21,"column":22},"end":{"line":21,"column":105}}]}},"b":{"0":[72],"1":[57],"2":[50],"3":[7],"4":[0],"5":[7],"6":[9],"7":[6],"8":[10],"9":[43],"10":[10],"11":[12],"12":[8],"13":[9],"14":[4],"15":[0],"16":[48]},"fnMap":{"0":{"name":"makeGap","decl":{"start":{"line":3,"column":16},"end":{"line":3,"column":49}},"loc":{"start":{"line":3,"column":16},"end":{"line":3,"column":49}},"line":3},"1":{"name":"digger","decl":{"start":{"line":5,"column":15},"end":{"line":16,"column":2}},"loc":{"start":{"line":5,"column":15},"end":{"line":16,"column":2}},"line":5},"2":{"name":"formatter","decl":{"start":{"line":19,"column":26},"end":{"line":38,"column":2}},"loc":{"start":{"line":19,"column":26},"end":{"line":38,"column":2}},"line":19},"3":{"name":"iter","decl":{"start":{"line":20,"column":15},"end":{"line":20,"column":36}},"loc":{"start":{"line":20,"column":15},"end":{"line":20,"column":36}},"line":20},"4":{"name":"takeValue","decl":{"start":{"line":21,"column":22},"end":{"line":21,"column":105}},"loc":{"start":{"line":21,"column":22},"end":{"line":21,"column":105}},"line":21}},"f":{"0":72,"1":57,"2":6,"3":10,"4":48}}
}
