{"/home/iurii/hexlet/frontend-project-lvl2/src/index.js": {"path":"/home/iurii/hexlet/frontend-project-lvl2/src/index.js","all":false,"statementMap":{"0":{"start":{"line":1,"column":0},"end":{"line":1,"column":23}},"1":{"start":{"line":2,"column":0},"end":{"line":2,"column":0}},"2":{"start":{"line":3,"column":0},"end":{"line":3,"column":36}},"3":{"start":{"line":4,"column":0},"end":{"line":4,"column":54}},"4":{"start":{"line":5,"column":0},"end":{"line":5,"column":39}},"5":{"start":{"line":6,"column":0},"end":{"line":6,"column":42}},"6":{"start":{"line":7,"column":0},"end":{"line":7,"column":32}},"7":{"start":{"line":8,"column":0},"end":{"line":8,"column":32}},"8":{"start":{"line":9,"column":0},"end":{"line":9,"column":31}},"9":{"start":{"line":10,"column":0},"end":{"line":10,"column":49}},"10":{"start":{"line":11,"column":0},"end":{"line":11,"column":7}},"11":{"start":{"line":12,"column":0},"end":{"line":12,"column":31}},"12":{"start":{"line":13,"column":0},"end":{"line":13,"column":52}},"13":{"start":{"line":14,"column":0},"end":{"line":14,"column":7}},"14":{"start":{"line":15,"column":0},"end":{"line":15,"column":63}},"15":{"start":{"line":16,"column":0},"end":{"line":16,"column":78}},"16":{"start":{"line":17,"column":0},"end":{"line":17,"column":7}},"17":{"start":{"line":18,"column":0},"end":{"line":18,"column":39}},"18":{"start":{"line":19,"column":0},"end":{"line":19,"column":16}},"19":{"start":{"line":20,"column":0},"end":{"line":20,"column":59}},"20":{"start":{"line":21,"column":0},"end":{"line":21,"column":10}},"21":{"start":{"line":22,"column":0},"end":{"line":22,"column":7}},"22":{"start":{"line":23,"column":0},"end":{"line":23,"column":48}},"23":{"start":{"line":24,"column":0},"end":{"line":24,"column":7}},"24":{"start":{"line":25,"column":0},"end":{"line":25,"column":16}},"25":{"start":{"line":26,"column":0},"end":{"line":26,"column":4}},"26":{"start":{"line":27,"column":0},"end":{"line":27,"column":0}},"27":{"start":{"line":28,"column":0},"end":{"line":28,"column":26}}},"s":{"0":1,"1":1,"2":1,"3":8,"4":8,"5":8,"6":33,"7":33,"8":33,"9":8,"10":8,"11":33,"12":8,"13":8,"14":33,"15":4,"16":4,"17":33,"18":7,"19":7,"20":7,"21":7,"22":6,"23":6,"24":8,"25":8,"26":1,"27":1},"branchMap":{"0":{"type":"branch","line":3,"loc":{"start":{"line":3,"column":17},"end":{"line":26,"column":4}},"locations":[{"start":{"line":3,"column":17},"end":{"line":26,"column":4}}]},"1":{"type":"branch","line":6,"loc":{"start":{"line":6,"column":33},"end":{"line":24,"column":7}},"locations":[{"start":{"line":6,"column":33},"end":{"line":24,"column":7}}]},"2":{"type":"branch","line":9,"loc":{"start":{"line":9,"column":30},"end":{"line":11,"column":7}},"locations":[{"start":{"line":9,"column":30},"end":{"line":11,"column":7}}]},"3":{"type":"branch","line":12,"loc":{"start":{"line":12,"column":-1},"end":{"line":12,"column":10}},"locations":[{"start":{"line":12,"column":-1},"end":{"line":12,"column":10}}]},"4":{"type":"branch","line":12,"loc":{"start":{"line":12,"column":30},"end":{"line":14,"column":7}},"locations":[{"start":{"line":12,"column":30},"end":{"line":14,"column":7}}]},"5":{"type":"branch","line":15,"loc":{"start":{"line":15,"column":-1},"end":{"line":15,"column":12}},"locations":[{"start":{"line":15,"column":-1},"end":{"line":15,"column":12}}]},"6":{"type":"branch","line":15,"loc":{"start":{"line":15,"column":10},"end":{"line":15,"column":39}},"locations":[{"start":{"line":15,"column":10},"end":{"line":15,"column":39}}]},"7":{"type":"branch","line":15,"loc":{"start":{"line":15,"column":62},"end":{"line":17,"column":7}},"locations":[{"start":{"line":15,"column":62},"end":{"line":17,"column":7}}]},"8":{"type":"branch","line":18,"loc":{"start":{"line":18,"column":-1},"end":{"line":18,"column":10}},"locations":[{"start":{"line":18,"column":-1},"end":{"line":18,"column":10}}]},"9":{"type":"branch","line":18,"loc":{"start":{"line":18,"column":38},"end":{"line":22,"column":7}},"locations":[{"start":{"line":18,"column":38},"end":{"line":22,"column":7}}]},"10":{"type":"branch","line":23,"loc":{"start":{"line":23,"column":-1},"end":{"line":24,"column":7}},"locations":[{"start":{"line":23,"column":-1},"end":{"line":24,"column":7}}]}},"b":{"0":[8],"1":[33],"2":[8],"3":[25],"4":[8],"5":[17],"6":[5],"7":[4],"8":[13],"9":[7],"10":[6]},"fnMap":{"0":{"name":"findDiff","decl":{"start":{"line":3,"column":17},"end":{"line":26,"column":4}},"loc":{"start":{"line":3,"column":17},"end":{"line":26,"column":4}},"line":3}},"f":{"0":8}}
,"/home/iurii/hexlet/frontend-project-lvl2/src/parser.js": {"path":"/home/iurii/hexlet/frontend-project-lvl2/src/parser.js","all":false,"statementMap":{"0":{"start":{"line":1,"column":0},"end":{"line":1,"column":20}},"1":{"start":{"line":2,"column":0},"end":{"line":2,"column":24}},"2":{"start":{"line":3,"column":0},"end":{"line":3,"column":30}},"3":{"start":{"line":4,"column":0},"end":{"line":4,"column":52}},"4":{"start":{"line":5,"column":0},"end":{"line":5,"column":27}},"5":{"start":{"line":6,"column":0},"end":{"line":6,"column":0}},"6":{"start":{"line":7,"column":0},"end":{"line":7,"column":0}},"7":{"start":{"line":8,"column":0},"end":{"line":8,"column":68}},"8":{"start":{"line":9,"column":0},"end":{"line":9,"column":74}},"9":{"start":{"line":10,"column":0},"end":{"line":10,"column":0}},"10":{"start":{"line":11,"column":0},"end":{"line":11,"column":40}},"11":{"start":{"line":12,"column":0},"end":{"line":12,"column":66}},"12":{"start":{"line":13,"column":0},"end":{"line":13,"column":35}},"13":{"start":{"line":14,"column":0},"end":{"line":14,"column":44}},"14":{"start":{"line":15,"column":0},"end":{"line":15,"column":5}},"15":{"start":{"line":16,"column":0},"end":{"line":16,"column":62}},"16":{"start":{"line":17,"column":0},"end":{"line":17,"column":43}},"17":{"start":{"line":18,"column":0},"end":{"line":18,"column":5}},"18":{"start":{"line":19,"column":0},"end":{"line":19,"column":80}},"19":{"start":{"line":20,"column":0},"end":{"line":20,"column":4}}},"s":{"0":1,"1":1,"2":1,"3":1,"4":1,"5":1,"6":1,"7":1,"8":1,"9":1,"10":1,"11":8,"12":8,"13":2,"14":2,"15":8,"16":6,"17":6,"18":0,"19":0},"branchMap":{"0":{"type":"branch","line":8,"loc":{"start":{"line":8,"column":24},"end":{"line":8,"column":35}},"locations":[{"start":{"line":8,"column":24},"end":{"line":8,"column":35}}]},"1":{"type":"branch","line":9,"loc":{"start":{"line":9,"column":18},"end":{"line":9,"column":30}},"locations":[{"start":{"line":9,"column":18},"end":{"line":9,"column":30}}]},"2":{"type":"branch","line":11,"loc":{"start":{"line":11,"column":26},"end":{"line":20,"column":4}},"locations":[{"start":{"line":11,"column":26},"end":{"line":20,"column":4}}]},"3":{"type":"branch","line":13,"loc":{"start":{"line":13,"column":34},"end":{"line":15,"column":5}},"locations":[{"start":{"line":13,"column":34},"end":{"line":15,"column":5}}]},"4":{"type":"branch","line":16,"loc":{"start":{"line":16,"column":-1},"end":{"line":16,"column":21}},"locations":[{"start":{"line":16,"column":-1},"end":{"line":16,"column":21}}]},"5":{"type":"branch","line":16,"loc":{"start":{"line":16,"column":8},"end":{"line":16,"column":61}},"locations":[{"start":{"line":16,"column":8},"end":{"line":16,"column":61}}]},"6":{"type":"branch","line":16,"loc":{"start":{"line":16,"column":61},"end":{"line":18,"column":5}},"locations":[{"start":{"line":16,"column":61},"end":{"line":18,"column":5}}]},"7":{"type":"branch","line":19,"loc":{"start":{"line":19,"column":-1},"end":{"line":20,"column":4}},"locations":[{"start":{"line":19,"column":-1},"end":{"line":20,"column":4}}]}},"b":{"0":[8],"1":[8],"2":[8],"3":[2],"4":[6],"5":[3],"6":[6],"7":[0]},"fnMap":{"0":{"name":"getFixturePath","decl":{"start":{"line":8,"column":24},"end":{"line":8,"column":35}},"loc":{"start":{"line":8,"column":24},"end":{"line":8,"column":35}},"line":8},"1":{"name":"readFile","decl":{"start":{"line":9,"column":18},"end":{"line":9,"column":30}},"loc":{"start":{"line":9,"column":18},"end":{"line":9,"column":30}},"line":9},"2":{"name":"parseFile","decl":{"start":{"line":11,"column":26},"end":{"line":20,"column":4}},"loc":{"start":{"line":11,"column":26},"end":{"line":20,"column":4}},"line":11}},"f":{"0":8,"1":8,"2":8}}
,"/home/iurii/hexlet/frontend-project-lvl2/src/stylish.js": {"path":"/home/iurii/hexlet/frontend-project-lvl2/src/stylish.js","all":false,"statementMap":{"0":{"start":{"line":1,"column":0},"end":{"line":1,"column":23}},"1":{"start":{"line":2,"column":0},"end":{"line":2,"column":0}},"2":{"start":{"line":3,"column":0},"end":{"line":3,"column":83}},"3":{"start":{"line":4,"column":0},"end":{"line":4,"column":0}},"4":{"start":{"line":5,"column":0},"end":{"line":5,"column":33}},"5":{"start":{"line":6,"column":0},"end":{"line":6,"column":42}},"6":{"start":{"line":7,"column":0},"end":{"line":7,"column":23}},"7":{"start":{"line":8,"column":0},"end":{"line":8,"column":5}},"8":{"start":{"line":9,"column":0},"end":{"line":9,"column":25}},"9":{"start":{"line":10,"column":0},"end":{"line":10,"column":21}},"10":{"start":{"line":11,"column":0},"end":{"line":11,"column":5}},"11":{"start":{"line":12,"column":0},"end":{"line":12,"column":23}},"12":{"start":{"line":13,"column":0},"end":{"line":13,"column":19}},"13":{"start":{"line":14,"column":0},"end":{"line":14,"column":91}},"14":{"start":{"line":15,"column":0},"end":{"line":15,"column":63}},"15":{"start":{"line":16,"column":0},"end":{"line":16,"column":4}},"16":{"start":{"line":17,"column":0},"end":{"line":17,"column":0}},"17":{"start":{"line":18,"column":0},"end":{"line":18,"column":35}},"18":{"start":{"line":19,"column":0},"end":{"line":19,"column":54}},"19":{"start":{"line":20,"column":0},"end":{"line":20,"column":106}},"20":{"start":{"line":21,"column":0},"end":{"line":21,"column":24}},"21":{"start":{"line":22,"column":0},"end":{"line":22,"column":19}},"22":{"start":{"line":23,"column":0},"end":{"line":23,"column":42}},"23":{"start":{"line":24,"column":0},"end":{"line":24,"column":22}},"24":{"start":{"line":25,"column":0},"end":{"line":25,"column":42}},"25":{"start":{"line":26,"column":0},"end":{"line":26,"column":20}},"26":{"start":{"line":27,"column":0},"end":{"line":27,"column":42}},"27":{"start":{"line":28,"column":0},"end":{"line":28,"column":23}},"28":{"start":{"line":29,"column":0},"end":{"line":29,"column":76}},"29":{"start":{"line":30,"column":0},"end":{"line":30,"column":25}},"30":{"start":{"line":31,"column":0},"end":{"line":31,"column":120}},"31":{"start":{"line":32,"column":0},"end":{"line":32,"column":9}},"32":{"start":{"line":33,"column":0},"end":{"line":33,"column":7}},"33":{"start":{"line":34,"column":0},"end":{"line":34,"column":42}},"34":{"start":{"line":35,"column":0},"end":{"line":35,"column":4}}},"s":{"0":1,"1":1,"2":1,"3":1,"4":1,"5":45,"6":38,"7":38,"8":45,"9":0,"10":0,"11":7,"12":7,"13":7,"14":7,"15":7,"16":1,"17":1,"18":4,"19":33,"20":33,"21":33,"22":33,"23":33,"24":33,"25":33,"26":33,"27":33,"28":33,"29":33,"30":33,"31":33,"32":33,"33":4,"34":4},"branchMap":{"0":{"type":"branch","line":3,"loc":{"start":{"line":3,"column":17},"end":{"line":3,"column":50}},"locations":[{"start":{"line":3,"column":17},"end":{"line":3,"column":50}}]},"1":{"type":"branch","line":5,"loc":{"start":{"line":5,"column":15},"end":{"line":16,"column":4}},"locations":[{"start":{"line":5,"column":15},"end":{"line":16,"column":4}}]},"2":{"type":"branch","line":6,"loc":{"start":{"line":6,"column":41},"end":{"line":8,"column":5}},"locations":[{"start":{"line":6,"column":41},"end":{"line":8,"column":5}}]},"3":{"type":"branch","line":9,"loc":{"start":{"line":9,"column":-1},"end":{"line":9,"column":8}},"locations":[{"start":{"line":9,"column":-1},"end":{"line":9,"column":8}}]},"4":{"type":"branch","line":9,"loc":{"start":{"line":9,"column":23},"end":{"line":11,"column":5}},"locations":[{"start":{"line":9,"column":23},"end":{"line":11,"column":5}}]},"5":{"type":"branch","line":12,"loc":{"start":{"line":12,"column":-1},"end":{"line":16,"column":4}},"locations":[{"start":{"line":12,"column":-1},"end":{"line":16,"column":4}}]},"6":{"type":"branch","line":14,"loc":{"start":{"line":14,"column":10},"end":{"line":14,"column":91}},"locations":[{"start":{"line":14,"column":10},"end":{"line":14,"column":91}}]},"7":{"type":"branch","line":18,"loc":{"start":{"line":18,"column":26},"end":{"line":35,"column":4}},"locations":[{"start":{"line":18,"column":26},"end":{"line":35,"column":4}}]},"8":{"type":"branch","line":19,"loc":{"start":{"line":19,"column":17},"end":{"line":19,"column":38}},"locations":[{"start":{"line":19,"column":17},"end":{"line":19,"column":38}}]},"9":{"type":"branch","line":19,"loc":{"start":{"line":19,"column":44},"end":{"line":33,"column":7}},"locations":[{"start":{"line":19,"column":44},"end":{"line":33,"column":7}}]},"10":{"type":"branch","line":22,"loc":{"start":{"line":22,"column":8},"end":{"line":23,"column":17}},"locations":[{"start":{"line":22,"column":8},"end":{"line":23,"column":17}}]},"11":{"type":"branch","line":24,"loc":{"start":{"line":24,"column":8},"end":{"line":25,"column":17}},"locations":[{"start":{"line":24,"column":8},"end":{"line":25,"column":17}}]},"12":{"type":"branch","line":26,"loc":{"start":{"line":26,"column":8},"end":{"line":27,"column":17}},"locations":[{"start":{"line":26,"column":8},"end":{"line":27,"column":17}}]},"13":{"type":"branch","line":28,"loc":{"start":{"line":28,"column":8},"end":{"line":29,"column":18}},"locations":[{"start":{"line":28,"column":8},"end":{"line":29,"column":18}}]},"14":{"type":"branch","line":30,"loc":{"start":{"line":30,"column":8},"end":{"line":31,"column":18}},"locations":[{"start":{"line":30,"column":8},"end":{"line":31,"column":18}}]},"15":{"type":"branch","line":20,"loc":{"start":{"line":20,"column":22},"end":{"line":20,"column":106}},"locations":[{"start":{"line":20,"column":22},"end":{"line":20,"column":106}}]}},"b":{"0":[60],"1":[45],"2":[38],"3":[7],"4":[0],"5":[7],"6":[9],"7":[4],"8":[8],"9":[33],"10":[8],"11":[8],"12":[6],"13":[7],"14":[4],"15":[36]},"fnMap":{"0":{"name":"gapMaker","decl":{"start":{"line":3,"column":17},"end":{"line":3,"column":50}},"loc":{"start":{"line":3,"column":17},"end":{"line":3,"column":50}},"line":3},"1":{"name":"digger","decl":{"start":{"line":5,"column":15},"end":{"line":16,"column":4}},"loc":{"start":{"line":5,"column":15},"end":{"line":16,"column":4}},"line":5},"2":{"name":"formatter","decl":{"start":{"line":18,"column":26},"end":{"line":35,"column":4}},"loc":{"start":{"line":18,"column":26},"end":{"line":35,"column":4}},"line":18},"3":{"name":"iter","decl":{"start":{"line":19,"column":17},"end":{"line":19,"column":38}},"loc":{"start":{"line":19,"column":17},"end":{"line":19,"column":38}},"line":19},"4":{"name":"takeValue","decl":{"start":{"line":20,"column":22},"end":{"line":20,"column":106}},"loc":{"start":{"line":20,"column":22},"end":{"line":20,"column":106}},"line":20}},"f":{"0":60,"1":45,"2":4,"3":8,"4":36}}
}
