TN:
SF:src/index.js
FN:6,findDifference
FNF:1
FNH:1
FNDA:8,findDifference
DA:1,1
DA:2,1
DA:3,1
DA:4,1
DA:5,1
DA:6,1
DA:7,8
DA:8,8
DA:9,8
DA:10,8
DA:11,8
DA:12,8
DA:13,8
DA:14,8
DA:15,8
DA:16,8
DA:17,1
DA:18,1
LF:18
LH:18
BRDA:6,0,0,8
BRDA:9,1,0,6
BRDA:11,2,0,1
BRDA:13,3,0,1
BRF:4
BRH:4
end_of_record
TN:
SF:src/parser.js
FN:14,getFixturePath
FN:15,readFile
FN:18,parseFile
FNF:3
FNH:3
FNDA:16,getFixturePath
FNDA:16,readFile
FNDA:16,parseFile
DA:1,1
DA:2,1
DA:3,1
DA:4,1
DA:5,1
DA:6,1
DA:7,1
DA:8,1
DA:9,1
DA:10,1
DA:11,1
DA:12,1
DA:13,1
DA:14,1
DA:15,1
DA:16,1
DA:17,1
DA:18,1
DA:19,16
DA:20,16
DA:21,16
DA:22,16
DA:23,16
DA:24,16
DA:25,16
DA:26,16
DA:27,16
DA:28,16
DA:29,16
DA:30,16
LF:30
LH:30
BRDA:14,0,0,16
BRDA:15,1,0,16
BRDA:18,2,0,16
BRDA:21,3,0,8
BRDA:23,4,0,4
BRDA:25,5,0,4
BRDA:27,6,0,0
BRF:7
BRH:6
end_of_record
TN:
SF:src/stylish.js
FN:3,gapMaker
FN:5,digger
FN:18,formatter
FN:19,iter
FN:20,takeValue
FNF:5
FNH:5
FNDA:72,gapMaker
FNDA:57,digger
FNDA:6,formatter
FNDA:10,iter
FNDA:48,takeValue
DA:1,1
DA:2,1
DA:3,1
DA:4,1
DA:5,1
DA:6,57
DA:7,50
DA:8,50
DA:9,57
DA:10,0
DA:11,0
DA:12,7
DA:13,7
DA:14,7
DA:15,7
DA:16,7
DA:17,1
DA:18,1
DA:19,6
DA:20,43
DA:21,43
DA:22,43
DA:23,43
DA:24,43
DA:25,43
DA:26,43
DA:27,43
DA:28,43
DA:29,43
DA:30,43
DA:31,43
DA:32,43
DA:33,43
DA:34,6
DA:35,6
LF:35
LH:33
BRDA:3,0,0,72
BRDA:5,1,0,57
BRDA:6,2,0,50
BRDA:9,3,0,7
BRDA:9,4,0,0
BRDA:12,5,0,7
BRDA:14,6,0,9
BRDA:18,7,0,6
BRDA:19,8,0,10
BRDA:19,9,0,43
BRDA:22,10,0,10
BRDA:24,11,0,12
BRDA:26,12,0,8
BRDA:28,13,0,9
BRDA:30,14,0,4
BRDA:20,15,0,48
BRF:16
BRH:15
end_of_record
TN:
SF:src/treeBuilder.js
FN:3,buildTree
FNF:1
FNH:1
FNDA:16,buildTree
DA:1,1
DA:2,1
DA:3,1
DA:4,16
DA:5,16
DA:6,16
DA:7,66
DA:8,66
DA:9,66
DA:10,16
DA:11,16
DA:12,66
DA:13,16
DA:14,16
DA:15,66
DA:16,8
DA:17,8
DA:18,66
DA:19,14
DA:20,14
DA:21,14
DA:22,14
DA:23,12
DA:24,12
DA:25,16
DA:26,16
DA:27,1
DA:28,1
DA:29,1
LF:29
LH:29
BRDA:3,0,0,16
BRDA:6,1,0,66
BRDA:9,2,0,16
BRDA:12,3,0,50
BRDA:12,4,0,16
BRDA:15,5,0,34
BRDA:15,6,0,10
BRDA:15,7,0,8
BRDA:18,8,0,26
BRDA:18,9,0,14
BRDA:23,10,0,12
BRF:11
BRH:11
end_of_record
TN:
SF:src/formatters/plain.js
FN:3,isComplex
FN:14,formatPlain
FN:15,iter
FNF:3
FNH:3
FNDA:13,isComplex
FNDA:1,formatPlain
FNDA:5,iter
DA:1,1
DA:2,1
DA:3,1
DA:4,13
DA:5,3
DA:6,3
DA:7,13
DA:8,3
DA:9,3
DA:10,7
DA:11,7
DA:12,1
DA:13,1
DA:14,1
DA:15,1
DA:16,18
DA:17,18
DA:18,18
DA:19,18
DA:20,18
DA:21,18
DA:22,18
DA:23,18
DA:24,18
DA:25,18
DA:26,18
DA:27,18
DA:28,1
DA:29,1
LF:29
LH:29
BRDA:3,0,0,13
BRDA:4,1,0,3
BRDA:7,2,0,10
BRDA:7,3,0,9
BRDA:7,4,0,8
BRDA:7,5,0,7
BRDA:7,6,0,3
BRDA:10,7,0,7
BRDA:14,8,0,1
BRDA:15,9,0,5
BRDA:15,10,0,18
BRDA:18,11,0,5
BRDA:20,12,0,2
BRDA:22,13,0,4
BRDA:24,14,0,4
BRF:15
BRH:15
end_of_record
