TN:
SF:src/index.js
FN:3,findDiff
FNF:1
FNH:1
FNDA:8,findDiff
DA:1,1
DA:2,1
DA:3,1
DA:4,8
DA:5,8
DA:6,8
DA:7,33
DA:8,33
DA:9,33
DA:10,8
DA:11,8
DA:12,33
DA:13,8
DA:14,8
DA:15,33
DA:16,4
DA:17,4
DA:18,33
DA:19,7
DA:20,7
DA:21,7
DA:22,7
DA:23,6
DA:24,6
DA:25,8
DA:26,8
DA:27,1
DA:28,1
LF:28
LH:28
BRDA:3,0,0,8
BRDA:6,1,0,33
BRDA:9,2,0,8
BRDA:12,3,0,25
BRDA:12,4,0,8
BRDA:15,5,0,17
BRDA:15,6,0,5
BRDA:15,7,0,4
BRDA:18,8,0,13
BRDA:18,9,0,7
BRDA:23,10,0,6
BRF:11
BRH:11
end_of_record
TN:
SF:src/parser.js
FN:8,getFixturePath
FN:9,readFile
FN:11,parseFile
FNF:3
FNH:3
FNDA:8,getFixturePath
FNDA:8,readFile
FNDA:8,parseFile
DA:1,1
DA:2,1
DA:3,1
DA:4,1
DA:5,1
DA:6,1
DA:7,1
DA:8,1
DA:9,1
DA:10,1
DA:11,1
DA:12,8
DA:13,8
DA:14,2
DA:15,2
DA:16,8
DA:17,6
DA:18,6
DA:19,0
DA:20,0
LF:20
LH:18
BRDA:8,0,0,8
BRDA:9,1,0,8
BRDA:11,2,0,8
BRDA:13,3,0,2
BRDA:16,4,0,6
BRDA:16,5,0,3
BRDA:16,6,0,6
BRDA:19,7,0,0
BRF:8
BRH:7
end_of_record
TN:
SF:src/stylish.js
FN:3,gapMaker
FN:5,digger
FN:18,formatter
FN:19,iter
FN:20,takeValue
FNF:5
FNH:5
FNDA:60,gapMaker
FNDA:45,digger
FNDA:4,formatter
FNDA:8,iter
FNDA:36,takeValue
DA:1,1
DA:2,1
DA:3,1
DA:4,1
DA:5,1
DA:6,45
DA:7,38
DA:8,38
DA:9,45
DA:10,0
DA:11,0
DA:12,7
DA:13,7
DA:14,7
DA:15,7
DA:16,7
DA:17,1
DA:18,1
DA:19,4
DA:20,33
DA:21,33
DA:22,33
DA:23,33
DA:24,33
DA:25,33
DA:26,33
DA:27,33
DA:28,33
DA:29,33
DA:30,33
DA:31,33
DA:32,33
DA:33,33
DA:34,4
DA:35,4
LF:35
LH:33
BRDA:3,0,0,60
BRDA:5,1,0,45
BRDA:6,2,0,38
BRDA:9,3,0,7
BRDA:9,4,0,0
BRDA:12,5,0,7
BRDA:14,6,0,9
BRDA:18,7,0,4
BRDA:19,8,0,8
BRDA:19,9,0,33
BRDA:22,10,0,8
BRDA:24,11,0,8
BRDA:26,12,0,6
BRDA:28,13,0,7
BRDA:30,14,0,4
BRDA:20,15,0,36
BRF:16
BRH:15
end_of_record
